<?xml version="1.0" encoding="UTF-8"?>
<!-- Generated by org.testng.reporters.JUnitXMLReporter -->
<testsuite ignored="0" hostname="Ankit" failures="0" tests="0" name="ForgotLoginTest" time="0.062" errors="0" timestamp="2024-09-14T17:39:47 IST">
  <testcase classname="tests.RegisterTest" name="@BeforeMethod openApplication" time="0.011">
    <failure type="java.lang.Error" message="Unresolved compilation problem: 
	The method initializeDriver(String, String, String) in the type Base is not applicable for the arguments ()
">
      <![CDATA[java.lang.Error: Unresolved compilation problem: 
The method initializeDriver(String, String, String) in the type Base is not applicable for the arguments ()

at tests.RegisterTest.openApplication(RegisterTest.java:28)
at java.base/java.util.ArrayList.forEach(ArrayList.java:1511)
at java.base/java.util.concurrent.FutureTask.run(FutureTask.java:264)
at java.base/java.util.concurrent.ThreadPoolExecutor.runWorker(ThreadPoolExecutor.java:1136)
at java.base/java.util.concurrent.ThreadPoolExecutor$Worker.run(ThreadPoolExecutor.java:635)
at java.base/java.lang.Thread.run(Thread.java:842)
... Removed 21 stack frames]]>
    </failure>
  </testcase> <!-- @BeforeMethod openApplication -->
</testsuite> <!-- ForgotLoginTest -->
