<?xml version="1.0" encoding="UTF-8"?>
<!-- Generated by org.testng.reporters.JUnitXMLReporter -->
<testsuite ignored="0" hostname="Ankit" failures="2" tests="5" name="Test" time="59.46" errors="0" timestamp="2024-09-16T14:05:57 IST">
  <testcase classname="tests.ForgotLoginTest" name="ForgotLogin" time="0.0">
    <failure type="org.testng.TestNGException" message="
Cannot inject @Test annotated Method [ForgotLogin] with [class java.lang.String, class java.lang.String].
For more information on native dependency injection please refer to https://testng.org/#_dependency_injection">
      <![CDATA[org.testng.TestNGException: 
Cannot inject @Test annotated Method [ForgotLogin] with [class java.lang.String, class java.lang.String].
For more information on native dependency injection please refer to https://testng.org/#_dependency_injection
at java.base/java.util.ArrayList.forEach(ArrayList.java:1511)
... Removed 26 stack frames]]>
    </failure>
  </testcase> <!-- ForgotLogin -->
  <testcase classname="tests.RegisterTest" name="register" time="2.91">
    <failure type="java.lang.ClassCastException" message="class jdk.proxy2.$Proxy13 cannot be cast to class org.openqa.selenium.By (jdk.proxy2.$Proxy13 is in module jdk.proxy2 of loader &amp;apos;app&amp;apos;; org.openqa.selenium.By is in unnamed module of loader &amp;apos;app&amp;apos;)">
      <![CDATA[java.lang.ClassCastException: class jdk.proxy2.$Proxy13 cannot be cast to class org.openqa.selenium.By (jdk.proxy2.$Proxy13 is in module jdk.proxy2 of loader 'app'; org.openqa.selenium.By is in unnamed module of loader 'app')
at pageobjects.RegisterPage.selectCountry(RegisterPage.java:200)
at tests.RegisterTest.register(RegisterTest.java:49)
at java.base/java.util.ArrayList.forEach(ArrayList.java:1511)
... Removed 27 stack frames]]>
    </failure>
  </testcase> <!-- register -->
  <testcase classname="tests.LoginTest" name="login" time="2.085"/>
  <testcase classname="tests.LoginTest" name="login" time="17.338"/>
  <testcase classname="tests.ForgotPasswordTest" name="ForgotPassword" time="2.855"/>
</testsuite> <!-- Test -->
