<?xml version="1.0" encoding="UTF-8"?>
<testng-results ignored="0" total="1" passed="1" failed="0" skipped="0">
  <reporter-output>
  </reporter-output>
  <suite started-at="2024-09-16T14:38:13 IST" name="Default suite" finished-at="2024-09-16T14:38:24 IST" duration-ms="10770">
    <groups>
    </groups>
    <test started-at="2024-09-16T14:38:13 IST" name="Default test" finished-at="2024-09-16T14:38:24 IST" duration-ms="10770">
      <class name="tests.RegisterTest">
        <test-method is-config="true" signature="openApplication()[pri:0, instance:tests.RegisterTest@2f8dad04]" started-at="2024-09-16T14:38:13 IST" name="openApplication" finished-at="2024-09-16T14:38:18 IST" duration-ms="5332" status="PASS">
          <reporter-output>
          </reporter-output>
        </test-method> <!-- openApplication -->
        <test-method signature="register()[pri:0, instance:tests.RegisterTest@2f8dad04]" started-at="2024-09-16T14:38:18 IST" name="register" finished-at="2024-09-16T14:38:24 IST" duration-ms="5380" status="PASS">
          <reporter-output>
          </reporter-output>
        </test-method> <!-- register -->
      </class> <!-- tests.RegisterTest -->
    </test> <!-- Default test -->
  </suite> <!-- Default suite -->
</testng-results>
