<?xml version="1.0" encoding="UTF-8"?>
<testng-results ignored="0" total="1" passed="1" failed="0" skipped="0">
  <reporter-output>
  </reporter-output>
  <suite started-at="2024-09-11T19:33:04 IST" name="Default suite" finished-at="2024-09-11T19:33:21 IST" duration-ms="16595">
    <groups>
    </groups>
    <test started-at="2024-09-11T19:33:04 IST" name="Default test" finished-at="2024-09-11T19:33:21 IST" duration-ms="16595">
      <class name="tests.ForgotPasswordTest">
        <test-method is-config="true" signature="OpenApplication()[pri:0, instance:tests.ForgotPasswordTest@4e096385]" started-at="2024-09-11T19:33:04 IST" name="OpenApplication" finished-at="2024-09-11T19:33:15 IST" duration-ms="11295" status="PASS">
          <reporter-output>
          </reporter-output>
        </test-method> <!-- OpenApplication -->
        <test-method signature="ForgotPassword(java.lang.String,java.lang.String)[pri:0, instance:tests.ForgotPasswordTest@4e096385]" started-at="2024-09-11T19:33:15 IST" name="ForgotPassword" data-provider="getLoinNameEmail" finished-at="2024-09-11T19:33:20 IST" duration-ms="4849" status="PASS">
          <params>
            <param index="0">
              <value>
                <![CDATA[rahul2024]]>
              </value>
            </param>
            <param index="1">
              <value>
                <![CDATA[rahul@yopmail.com]]>
              </value>
            </param>
          </params>
          <reporter-output>
          </reporter-output>
        </test-method> <!-- ForgotPassword -->
        <test-method is-config="true" signature="tearDown()[pri:0, instance:tests.ForgotPasswordTest@4e096385]" started-at="2024-09-11T19:33:20 IST" name="tearDown" finished-at="2024-09-11T19:33:21 IST" duration-ms="385" status="PASS">
          <reporter-output>
          </reporter-output>
        </test-method> <!-- tearDown -->
      </class> <!-- tests.ForgotPasswordTest -->
    </test> <!-- Default test -->
  </suite> <!-- Default suite -->
</testng-results>
